<?xml version="1.0" encoding="UTF-8"?>
<!-- Generated by org.testng.reporters.JUnitXMLReporter -->
<testsuite ignored="0" hostname="AL02281136" failures="1" tests="9" name="Default test" time="33.001" errors="0" timestamp="2023-07-10T14:58:08 KST">
  <testcase classname="com.nts.sqa.lpmtest.Application" name="s01" time="2.411"/>
  <testcase classname="com.nts.sqa.lpmtest.Application" name="s02" time="3.042"/>
  <testcase classname="com.nts.sqa.lpmtest.Application" name="s03" time="2.132">
    <failure type="java.lang.RuntimeException" message="Please let TestNG know about com.ntscorp.auto_client.verity.TestMethodListener listener for verify statements to work. For more information go to http://testng.org/doc/documentation-main.html#testng-listeners">
      <![CDATA[java.lang.RuntimeException: Please let TestNG know about com.ntscorp.auto_client.verity.TestMethodListener listener for verify statements to work. For more information go to http://testng.org/doc/documentation-main.html#testng-listeners
at com.ntscorp.auto_client.verity.Verify.addToErrorBuffer(Verify.java:588)
at com.ntscorp.auto_client.verity.Verify.verifyTrue(Verify.java:28)
at com.nts.sqa.lpmtest.Application.s03(Application.java:74)
at java.base/jdk.internal.reflect.DirectMethodHandleAccessor.invoke(DirectMethodHandleAccessor.java:104)
at java.base/java.lang.reflect.Method.invoke(Method.java:578)
at org.testng.internal.MethodInvocationHelper.invokeMethod(MethodInvocationHelper.java:133)
at org.testng.internal.TestInvoker.invokeMethod(TestInvoker.java:598)
at org.testng.internal.TestInvoker.invokeTestMethod(TestInvoker.java:173)
at org.testng.internal.MethodRunner.runInSequence(MethodRunner.java:46)
at org.testng.internal.TestInvoker$MethodInvocationAgent.invoke(TestInvoker.java:824)
at org.testng.internal.TestInvoker.invokeTestMethods(TestInvoker.java:146)
at org.testng.internal.TestMethodWorker.invokeTestMethods(TestMethodWorker.java:146)
at org.testng.internal.TestMethodWorker.run(TestMethodWorker.java:128)
at java.base/java.util.ArrayList.forEach(ArrayList.java:1511)
at org.testng.TestRunner.privateRun(TestRunner.java:794)
at org.testng.TestRunner.run(TestRunner.java:596)
at org.testng.SuiteRunner.runTest(SuiteRunner.java:377)
at org.testng.SuiteRunner.runSequentially(SuiteRunner.java:371)
at org.testng.SuiteRunner.privateRun(SuiteRunner.java:332)
at org.testng.SuiteRunner.run(SuiteRunner.java:276)
at org.testng.SuiteRunnerWorker.runSuite(SuiteRunnerWorker.java:53)
at org.testng.SuiteRunnerWorker.run(SuiteRunnerWorker.java:96)
at org.testng.TestNG.runSuitesSequentially(TestNG.java:1212)
at org.testng.TestNG.runSuitesLocally(TestNG.java:1134)
at org.testng.TestNG.runSuites(TestNG.java:1063)
at org.testng.TestNG.run(TestNG.java:1031)
at org.testng.remote.AbstractRemoteTestNG.run(AbstractRemoteTestNG.java:115)
at org.testng.remote.RemoteTestNG.initAndRun(RemoteTestNG.java:251)
at org.testng.remote.RemoteTestNG.main(RemoteTestNG.java:77)
]]>
    </failure>
  </testcase> <!-- s03 -->
  <testcase classname="com.nts.sqa.lpmtest.Application" name="s04" time="4.942"/>
  <testcase classname="com.nts.sqa.lpmtest.Application" name="s05" time="3.713"/>
  <testcase classname="com.nts.sqa.lpmtest.Application" name="s06" time="3.803"/>
  <testcase classname="com.nts.sqa.lpmtest.Application" name="s07" time="3.177"/>
  <testcase classname="com.nts.sqa.lpmtest.Application" name="s08" time="1.609"/>
  <testcase classname="com.nts.sqa.lpmtest.Application" name="s09" time="1.191"/>
</testsuite> <!-- Default test -->
