<?xml version="1.0" encoding="UTF-8"?>
<!-- Generated by org.testng.reporters.JUnitXMLReporter -->
<testsuite ignored="0" hostname="AL02281136" failures="0" tests="5" name="Test" time="1.83" errors="0" timestamp="2023-01-18T19:18:21 KST">
  <testcase classname="com.nts.sqa.lpm.SetUp" name="@BeforeClass setUp" time="1.412">
    <failure type="org.openqa.selenium.SessionNotCreatedException" message="session not created: This version of ChromeDriver only supports Chrome version 107
Current browser version is 109.0.5414.75 with binary path C:\Program Files\Google\Chrome\Application\chrome.exe
Build info: version: &amp;apos;3.141.59&amp;apos;, revision: &amp;apos;e82be7d358&amp;apos;, time: &amp;apos;2018-11-14T08:17:03&amp;apos;
System info: host: &amp;apos;AL02281136&amp;apos;, ip: &amp;apos;192.168.0.22&amp;apos;, os.name: &amp;apos;Windows 11&amp;apos;, os.arch: &amp;apos;amd64&amp;apos;, os.version: &amp;apos;10.0&amp;apos;, java.version: &amp;apos;19.0.1&amp;apos;
Driver info: driver.version: ChromeDriver
remote stacktrace: Backtrace:
	Ordinal0 [0x00A6ACD3+2075859]
	Ordinal0 [0x009FEE61+1633889]
	Ordinal0 [0x008FB7BD+571325]
	Ordinal0 [0x0091DFCD+712653]
	Ordinal0 [0x00919266+692838]
	Ordinal0 [0x00916BE9+682985]
	Ordinal0 [0x0094DBD3+908243]
	Ordinal0 [0x0094D6AA+906922]
	Ordinal0 [0x00947136+880950]
	Ordinal0 [0x0091FEFD+720637]
	Ordinal0 [0x00920F3F+724799]
	GetHandleVerifier [0x00D1EED2+2769538]
	GetHandleVerifier [0x00D10D95+2711877]
	GetHandleVerifier [0x00AFA03A+521194]
	GetHandleVerifier [0x00AF8DA0+516432]
	Ordinal0 [0x00A0682C+1665068]
	Ordinal0 [0x00A0B128+1683752]
	Ordinal0 [0x00A0B215+1683989]
	Ordinal0 [0x00A16484+1729668]
	(No symbol) [0x77246BD9]
	RtlGetFullPathName_UEx [0x77B58FD2+1218]
	RtlGetFullPathName_UEx [0x77B58F9D+1165]
">
      <![CDATA[org.openqa.selenium.SessionNotCreatedException: session not created: This version of ChromeDriver only supports Chrome version 107
Current browser version is 109.0.5414.75 with binary path C:\Program Files\Google\Chrome\Application\chrome.exe
Build info: version: '3.141.59', revision: 'e82be7d358', time: '2018-11-14T08:17:03'
System info: host: 'AL02281136', ip: '192.168.0.22', os.name: 'Windows 11', os.arch: 'amd64', os.version: '10.0', java.version: '19.0.1'
Driver info: driver.version: ChromeDriver
remote stacktrace: Backtrace:
Ordinal0 [0x00A6ACD3+2075859]
Ordinal0 [0x009FEE61+1633889]
Ordinal0 [0x008FB7BD+571325]
Ordinal0 [0x0091DFCD+712653]
Ordinal0 [0x00919266+692838]
Ordinal0 [0x00916BE9+682985]
Ordinal0 [0x0094DBD3+908243]
Ordinal0 [0x0094D6AA+906922]
Ordinal0 [0x00947136+880950]
Ordinal0 [0x0091FEFD+720637]
Ordinal0 [0x00920F3F+724799]
GetHandleVerifier [0x00D1EED2+2769538]
GetHandleVerifier [0x00D10D95+2711877]
GetHandleVerifier [0x00AFA03A+521194]
GetHandleVerifier [0x00AF8DA0+516432]
Ordinal0 [0x00A0682C+1665068]
Ordinal0 [0x00A0B128+1683752]
Ordinal0 [0x00A0B215+1683989]
Ordinal0 [0x00A16484+1729668]
(No symbol) [0x77246BD9]
RtlGetFullPathName_UEx [0x77B58FD2+1218]
RtlGetFullPathName_UEx [0x77B58F9D+1165]

at org.openqa.selenium.remote.W3CHandshakeResponse.lambda$errorHandler$0(W3CHandshakeResponse.java:62)
at org.openqa.selenium.remote.HandshakeResponse.lambda$getResponseFunction$0(HandshakeResponse.java:30)
at org.openqa.selenium.remote.ProtocolHandshake.lambda$createSession$0(ProtocolHandshake.java:126)
at java.base/java.util.stream.ReferencePipeline$3$1.accept(ReferencePipeline.java:197)
at java.base/java.util.Spliterators$ArraySpliterator.tryAdvance(Spliterators.java:1016)
at java.base/java.util.stream.ReferencePipeline.forEachWithCancel(ReferencePipeline.java:129)
at java.base/java.util.stream.AbstractPipeline.copyIntoWithCancel(AbstractPipeline.java:527)
at java.base/java.util.stream.AbstractPipeline.copyInto(AbstractPipeline.java:513)
at java.base/java.util.stream.AbstractPipeline.wrapAndCopyInto(AbstractPipeline.java:499)
at java.base/java.util.stream.FindOps$FindOp.evaluateSequential(FindOps.java:150)
at java.base/java.util.stream.AbstractPipeline.evaluate(AbstractPipeline.java:234)
at java.base/java.util.stream.ReferencePipeline.findFirst(ReferencePipeline.java:647)
at org.openqa.selenium.remote.ProtocolHandshake.createSession(ProtocolHandshake.java:128)
at org.openqa.selenium.remote.ProtocolHandshake.createSession(ProtocolHandshake.java:74)
at org.openqa.selenium.remote.HttpCommandExecutor.execute(HttpCommandExecutor.java:136)
at org.openqa.selenium.remote.service.DriverCommandExecutor.execute(DriverCommandExecutor.java:83)
at org.openqa.selenium.remote.RemoteWebDriver.execute(RemoteWebDriver.java:552)
at org.openqa.selenium.remote.RemoteWebDriver.startSession(RemoteWebDriver.java:213)
at org.openqa.selenium.remote.RemoteWebDriver.<init>(RemoteWebDriver.java:131)
at org.openqa.selenium.chrome.ChromeDriver.<init>(ChromeDriver.java:181)
at org.openqa.selenium.chrome.ChromeDriver.<init>(ChromeDriver.java:147)
at com.nts.gt.auto.selenium.ChromeUtil.<init>(ChromeUtil.java:83)
at com.nts.gt.auto.common.Automation.start(Automation.java:692)
at com.nts.sqa.lpm.SetUp.setUp(SetUp.java:43)
at java.base/java.util.ArrayList.forEach(ArrayList.java:1511)
... Removed 26 stack frames]]>
    </failure>
  </testcase> <!-- @BeforeClass setUp -->
  <testcase classname="com.nts.gt.auto.common.Formatter" name="@AfterMethod afterMethod" time="-1.674037101821E9">
    <skipped/>
  </testcase> <!-- @AfterMethod afterMethod -->
  <testcase classname="com.nts.gt.auto.common.Formatter" name="@AfterMethod afterMethod" time="-1.674037101838E9">
    <skipped/>
  </testcase> <!-- @AfterMethod afterMethod -->
  <testcase classname="com.nts.gt.auto.common.Formatter" name="@AfterMethod afterMethod" time="-1.674037101855E9">
    <skipped/>
  </testcase> <!-- @AfterMethod afterMethod -->
  <testcase classname="com.nts.gt.auto.common.Formatter" name="@AfterMethod afterMethod" time="-1.674037101884E9">
    <skipped/>
  </testcase> <!-- @AfterMethod afterMethod -->
  <testcase classname="com.nts.gt.auto.common.Formatter" name="@AfterMethod afterMethod" time="-1.674037101923E9">
    <skipped/>
  </testcase> <!-- @AfterMethod afterMethod -->
  <testcase classname="com.nts.gt.auto.common.Formatter" name="@AfterClass tearDownClass" time="-1.674037101924E9">
    <skipped/>
  </testcase> <!-- @AfterClass tearDownClass -->
  <testcase classname="com.nts.sqa.lpmtest.Application" name="s01" time="0.0">
    <skipped/>
  </testcase> <!-- s01 -->
  <testcase classname="com.nts.sqa.lpmtest.Application" name="s02" time="0.0">
    <skipped/>
  </testcase> <!-- s02 -->
  <testcase classname="com.nts.sqa.lpmtest.Application" name="s03" time="0.0">
    <skipped/>
  </testcase> <!-- s03 -->
  <testcase classname="com.nts.sqa.lpmtest.Application" name="s04" time="0.0">
    <skipped/>
  </testcase> <!-- s04 -->
  <testcase classname="com.nts.sqa.lpmtest.Application" name="s05" time="0.0">
    <skipped/>
  </testcase> <!-- s05 -->
</testsuite> <!-- Test -->
