<?xml version="1.0" encoding="UTF-8"?>
<!-- Generated by org.testng.reporters.JUnitReportReporter -->
<testsuite hostname="AL02281136" failures="0" tests="2" name="com.nts.sqa.lpmtest.AddStore" time="1.348" errors="1" timestamp="2023-01-18T19:17:55 KST" skipped="1">
  <testcase classname="com.nts.sqa.lpmtest.AddStore" name="setUp" time="1.348">
    <error message="session not created: This version of ChromeDriver only supports Chrome version 107
Current browser version is 109.0.5414.75 with binary path C:\Program Files\Google\Chrome\Application\chrome.exe
Build info: version: &#039;3.141.59&#039;, revision: &#039;e82be7d358&#039;, time: &#039;2018-11-14T08:17:03&#039;
System info: host: &#039;AL02281136&#039;, ip: &#039;192.168.0.22&#039;, os.name: &#039;Windows 11&#039;, os.arch: &#039;amd64&#039;, os.version: &#039;10.0&#039;, java.version: &#039;19.0.1&#039;
Driver info: driver.version: ChromeDriver
remote stacktrace: Backtrace:
	Ordinal0 [0x00A6ACD3+2075859]
	Ordinal0 [0x009FEE61+1633889]
	Ordinal0 [0x008FB7BD+571325]
	Ordinal0 [0x0091DFCD+712653]
	Ordinal0 [0x00919266+692838]
	Ordinal0 [0x00916BE9+682985]
	Ordinal0 [0x0094DBD3+908243]
	Ordinal0 [0x0094D6AA+906922]
	Ordinal0 [0x00947136+880950]
	Ordinal0 [0x0091FEFD+720637]
	Ordinal0 [0x00920F3F+724799]
	GetHandleVerifier [0x00D1EED2+2769538]
	GetHandleVerifier [0x00D10D95+2711877]
	GetHandleVerifier [0x00AFA03A+521194]
	GetHandleVerifier [0x00AF8DA0+516432]
	Ordinal0 [0x00A0682C+1665068]
	Ordinal0 [0x00A0B128+1683752]
	Ordinal0 [0x00A0B215+1683989]
	Ordinal0 [0x00A16484+1729668]
	(No symbol) [0x77246BD9]
	RtlGetFullPathName_UEx [0x77B58FD2+1218]
	RtlGetFullPathName_UEx [0x77B58F9D+1165]
" type="org.openqa.selenium.SessionNotCreatedException">
      <![CDATA[org.openqa.selenium.SessionNotCreatedException: session not created: This version of ChromeDriver only supports Chrome version 107
Current browser version is 109.0.5414.75 with binary path C:\Program Files\Google\Chrome\Application\chrome.exe
Build info: version: '3.141.59', revision: 'e82be7d358', time: '2018-11-14T08:17:03'
System info: host: 'AL02281136', ip: '192.168.0.22', os.name: 'Windows 11', os.arch: 'amd64', os.version: '10.0', java.version: '19.0.1'
Driver info: driver.version: ChromeDriver
remote stacktrace: Backtrace:
Ordinal0 [0x00A6ACD3+2075859]
Ordinal0 [0x009FEE61+1633889]
Ordinal0 [0x008FB7BD+571325]
Ordinal0 [0x0091DFCD+712653]
Ordinal0 [0x00919266+692838]
Ordinal0 [0x00916BE9+682985]
Ordinal0 [0x0094DBD3+908243]
Ordinal0 [0x0094D6AA+906922]
Ordinal0 [0x00947136+880950]
Ordinal0 [0x0091FEFD+720637]
Ordinal0 [0x00920F3F+724799]
GetHandleVerifier [0x00D1EED2+2769538]
GetHandleVerifier [0x00D10D95+2711877]
GetHandleVerifier [0x00AFA03A+521194]
GetHandleVerifier [0x00AF8DA0+516432]
Ordinal0 [0x00A0682C+1665068]
Ordinal0 [0x00A0B128+1683752]
Ordinal0 [0x00A0B215+1683989]
Ordinal0 [0x00A16484+1729668]
(No symbol) [0x77246BD9]
RtlGetFullPathName_UEx [0x77B58FD2+1218]
RtlGetFullPathName_UEx [0x77B58F9D+1165]

at java.base/jdk.internal.reflect.DirectConstructorHandleAccessor.newInstance(DirectConstructorHandleAccessor.java:67)
at java.base/java.lang.reflect.Constructor.newInstanceWithCaller(Constructor.java:500)
at java.base/java.lang.reflect.Constructor.newInstance(Constructor.java:484)
at org.openqa.selenium.remote.W3CHandshakeResponse.lambda$errorHandler$0(W3CHandshakeResponse.java:62)
at org.openqa.selenium.remote.HandshakeResponse.lambda$getResponseFunction$0(HandshakeResponse.java:30)
at org.openqa.selenium.remote.ProtocolHandshake.lambda$createSession$0(ProtocolHandshake.java:126)
at java.base/java.util.stream.ReferencePipeline$3$1.accept(ReferencePipeline.java:197)
at java.base/java.util.Spliterators$ArraySpliterator.tryAdvance(Spliterators.java:1016)
at java.base/java.util.stream.ReferencePipeline.forEachWithCancel(ReferencePipeline.java:129)
at java.base/java.util.stream.AbstractPipeline.copyIntoWithCancel(AbstractPipeline.java:527)
at java.base/java.util.stream.AbstractPipeline.copyInto(AbstractPipeline.java:513)
at java.base/java.util.stream.AbstractPipeline.wrapAndCopyInto(AbstractPipeline.java:499)
at java.base/java.util.stream.FindOps$FindOp.evaluateSequential(FindOps.java:150)
at java.base/java.util.stream.AbstractPipeline.evaluate(AbstractPipeline.java:234)
at java.base/java.util.stream.ReferencePipeline.findFirst(ReferencePipeline.java:647)
at org.openqa.selenium.remote.ProtocolHandshake.createSession(ProtocolHandshake.java:128)
at org.openqa.selenium.remote.ProtocolHandshake.createSession(ProtocolHandshake.java:74)
at org.openqa.selenium.remote.HttpCommandExecutor.execute(HttpCommandExecutor.java:136)
at org.openqa.selenium.remote.service.DriverCommandExecutor.execute(DriverCommandExecutor.java:83)
at org.openqa.selenium.remote.RemoteWebDriver.execute(RemoteWebDriver.java:552)
at org.openqa.selenium.remote.RemoteWebDriver.startSession(RemoteWebDriver.java:213)
at org.openqa.selenium.remote.RemoteWebDriver.<init>(RemoteWebDriver.java:131)
at org.openqa.selenium.chrome.ChromeDriver.<init>(ChromeDriver.java:181)
at org.openqa.selenium.chrome.ChromeDriver.<init>(ChromeDriver.java:147)
at com.nts.gt.auto.selenium.ChromeUtil.<init>(ChromeUtil.java:83)
at com.nts.gt.auto.common.Automation.start(Automation.java:692)
at com.nts.sqa.lpm.SetUp.setUp(SetUp.java:43)
at java.base/jdk.internal.reflect.DirectMethodHandleAccessor.invoke(DirectMethodHandleAccessor.java:104)
at java.base/java.lang.reflect.Method.invoke(Method.java:578)
at org.testng.internal.MethodInvocationHelper.invokeMethod(MethodInvocationHelper.java:133)
at org.testng.internal.MethodInvocationHelper.invokeMethodConsideringTimeout(MethodInvocationHelper.java:62)
at org.testng.internal.ConfigInvoker.invokeConfigurationMethod(ConfigInvoker.java:385)
at org.testng.internal.ConfigInvoker.invokeConfigurations(ConfigInvoker.java:321)
at org.testng.internal.TestMethodWorker.invokeBeforeClassMethods(TestMethodWorker.java:176)
at org.testng.internal.TestMethodWorker.run(TestMethodWorker.java:122)
at java.base/java.util.ArrayList.forEach(ArrayList.java:1511)
at org.testng.TestRunner.privateRun(TestRunner.java:794)
at org.testng.TestRunner.run(TestRunner.java:596)
at org.testng.SuiteRunner.runTest(SuiteRunner.java:377)
at org.testng.SuiteRunner.runSequentially(SuiteRunner.java:371)
at org.testng.SuiteRunner.privateRun(SuiteRunner.java:332)
at org.testng.SuiteRunner.run(SuiteRunner.java:276)
at org.testng.SuiteRunnerWorker.runSuite(SuiteRunnerWorker.java:53)
at org.testng.SuiteRunnerWorker.run(SuiteRunnerWorker.java:96)
at org.testng.TestNG.runSuitesSequentially(TestNG.java:1212)
at org.testng.TestNG.runSuitesLocally(TestNG.java:1134)
at org.testng.TestNG.runSuites(TestNG.java:1063)
at org.testng.TestNG.run(TestNG.java:1031)
at org.testng.remote.AbstractRemoteTestNG.run(AbstractRemoteTestNG.java:115)
at org.testng.remote.RemoteTestNG.initAndRun(RemoteTestNG.java:251)
at org.testng.remote.RemoteTestNG.main(RemoteTestNG.java:77)
]]>
    </error>
  </testcase> <!-- setUp -->
  <system-out/>
  <testcase classname="com.nts.sqa.lpmtest.AddStore" name="tc01_openAddStorePage" time="0.000">
    <skipped/>
  </testcase> <!-- tc01_openAddStorePage -->
  <system-out/>
</testsuite> <!-- com.nts.sqa.lpmtest.AddStore -->
